<?xml version="1.0" encoding="UTF-8"?>
<!-- Generated by org.testng.reporters.JUnitReportReporter -->
<testsuite hostname="LAPTOP-JSVELAF0" failures="0" tests="3" name="testRunner.TestNGRunner" time="5.169" errors="0" timestamp="2022-09-06T00:51:12 IST" skipped="0">
  <testcase classname="testRunner.TestNGRunner" name="createUser" time="2.296"/>
  <system-out/>
  <testcase classname="testRunner.TestNGRunner" name="postPets" time="1.630"/>
  <system-out/>
  <testcase classname="testRunner.TestNGRunner" name="purchasePet" time="1.243"/>
  <system-out/>
</testsuite> <!-- testRunner.TestNGRunner -->
