<?xml version="1.0" encoding="UTF-8"?>
<!-- Generated by org.testng.reporters.JUnitReportReporter -->
<testsuite hostname="LAPTOP-JSVELAF0" failures="0" tests="1" name="APITestCase.users" time="3.634" errors="0" timestamp="2022-09-05T19:06:11 IST" skipped="0">
  <testcase classname="APITestCase.users" name="run" time="3.634"/>
  <system-out/>
</testsuite> <!-- APITestCase.users -->
