<?xml version="1.0" encoding="UTF-8"?>
<!-- Generated by org.testng.reporters.JUnitReportReporter -->
<testsuite hostname="LAPTOP-JSVELAF0" failures="0" tests="6" name="testRunner.TestNGRunner" time="31.171" errors="0" timestamp="2022-09-06T00:59:49 IST" skipped="0">
  <testcase classname="testRunner.TestNGRunner" name="verifyValidLogin" time="17.749"/>
  <system-out/>
  <testcase classname="testRunner.TestNGRunner" name="verifyChromeCPU" time="1.400"/>
  <system-out/>
  <testcase classname="testRunner.TestNGRunner" name="verifyLoadDelay" time="6.515"/>
  <system-out/>
  <testcase classname="testRunner.TestNGRunner" name="createUser" time="2.553"/>
  <system-out/>
  <testcase classname="testRunner.TestNGRunner" name="postPets" time="1.737"/>
  <system-out/>
  <testcase classname="testRunner.TestNGRunner" name="purchasePet" time="1.217"/>
  <system-out/>
</testsuite> <!-- testRunner.TestNGRunner -->
