<?xml version="1.0" encoding="UTF-8"?>
<!-- Generated by org.testng.reporters.JUnitReportReporter -->
<testsuite hostname="LAPTOP-JSVELAF0" failures="0" tests="1" name="pages.users" time="3.240" errors="0" timestamp="2022-09-05T09:36:19 IST" skipped="0">
  <testcase classname="pages.users" name="run" time="3.240"/>
  <system-out/>
</testsuite> <!-- pages.users -->
